Vivado Simulator 2020.2
Copyright 1986-1999, 2001-2020 Xilinx, Inc. All Rights Reserved.
Running: C:/Xilinx/Vivado/2020.2/bin/unwrapped/win64.o/xelab.exe -wto 3cac899019f8470db239726ddf4d942c --incr --debug typical --relax --mt 2 -L xil_defaultlib -L secureip --snapshot datapath_behav xil_defaultlib.datapath -log elaborate.log 
Using 2 slave threads.
Starting static elaboration
WARNING: [VRFC 10-4940] 'mux2_1bit' remains a black box since it has no binding entity [C:/Users/Liam/Documents/GitHub/computerArchitecture/datapath/datapath.srcs/sources_1/new/input_parser.vhdl:21]
WARNING: [VRFC 10-4940] 'mux2_1bit' remains a black box since it has no binding entity [C:/Users/Liam/Documents/GitHub/computerArchitecture/datapath/datapath.srcs/sources_1/new/input_parser.vhdl:27]
WARNING: [VRFC 10-4940] 'mux2_1bit' remains a black box since it has no binding entity [C:/Users/Liam/Documents/GitHub/computerArchitecture/datapath/datapath.srcs/sources_1/new/input_parser.vhdl:33]
WARNING: [VRFC 10-4940] 'mux2_1bit' remains a black box since it has no binding entity [C:/Users/Liam/Documents/GitHub/computerArchitecture/datapath/datapath.srcs/sources_1/new/input_parser.vhdl:39]
WARNING: [VRFC 10-4940] 'mux2_1bit' remains a black box since it has no binding entity [C:/Users/Liam/Documents/GitHub/computerArchitecture/datapath/datapath.srcs/sources_1/new/input_parser.vhdl:45]
WARNING: [VRFC 10-4940] 'mux2_1bit' remains a black box since it has no binding entity [C:/Users/Liam/Documents/GitHub/computerArchitecture/datapath/datapath.srcs/sources_1/new/input_parser.vhdl:51]
WARNING: [VRFC 10-4940] 'mux2_1bit' remains a black box since it has no binding entity [C:/Users/Liam/Documents/GitHub/computerArchitecture/datapath/datapath.srcs/sources_1/new/input_parser.vhdl:57]
WARNING: [VRFC 10-4940] 'mux2_1bit' remains a black box since it has no binding entity [C:/Users/Liam/Documents/GitHub/computerArchitecture/datapath/datapath.srcs/sources_1/new/input_parser.vhdl:63]
WARNING: [VRFC 10-4940] 'mux2_1bit' remains a black box since it has no binding entity [C:/Users/Liam/Documents/GitHub/computerArchitecture/datapath/datapath.srcs/sources_1/new/input_parser.vhdl:69]
WARNING: [VRFC 10-4940] 'mux2_1bit' remains a black box since it has no binding entity [C:/Users/Liam/Documents/GitHub/computerArchitecture/datapath/datapath.srcs/sources_1/new/input_parser.vhdl:75]
WARNING: [VRFC 10-4940] 'mux2_1bit' remains a black box since it has no binding entity [C:/Users/Liam/Documents/GitHub/computerArchitecture/datapath/datapath.srcs/sources_1/new/input_parser.vhdl:81]
WARNING: [VRFC 10-4940] 'mux2_1bit' remains a black box since it has no binding entity [C:/Users/Liam/Documents/GitHub/computerArchitecture/datapath/datapath.srcs/sources_1/new/input_parser.vhdl:87]
WARNING: [VRFC 10-4940] 'mux2_1bit' remains a black box since it has no binding entity [C:/Users/Liam/Documents/GitHub/computerArchitecture/datapath/datapath.srcs/sources_1/new/input_parser.vhdl:93]
WARNING: [VRFC 10-4940] 'mux2_1bit' remains a black box since it has no binding entity [C:/Users/Liam/Documents/GitHub/computerArchitecture/datapath/datapath.srcs/sources_1/new/input_parser.vhdl:99]
WARNING: [VRFC 10-4940] 'mux2_1bit' remains a black box since it has no binding entity [C:/Users/Liam/Documents/GitHub/computerArchitecture/datapath/datapath.srcs/sources_1/new/input_parser.vhdl:105]
WARNING: [VRFC 10-4940] 'mux2_1bit' remains a black box since it has no binding entity [C:/Users/Liam/Documents/GitHub/computerArchitecture/datapath/datapath.srcs/sources_1/new/input_parser.vhdl:111]
WARNING: [VRFC 10-4940] 'mux2_1bit' remains a black box since it has no binding entity [C:/Users/Liam/Documents/GitHub/computerArchitecture/datapath/datapath.srcs/sources_1/new/input_parser.vhdl:117]
WARNING: [VRFC 10-4940] 'mux2_1bit' remains a black box since it has no binding entity [C:/Users/Liam/Documents/GitHub/computerArchitecture/datapath/datapath.srcs/sources_1/new/input_parser.vhdl:123]
WARNING: [VRFC 10-4940] 'mux2_1bit' remains a black box since it has no binding entity [C:/Users/Liam/Documents/GitHub/computerArchitecture/datapath/datapath.srcs/sources_1/new/input_parser.vhdl:129]
WARNING: [VRFC 10-4940] 'mux2_1bit' remains a black box since it has no binding entity [C:/Users/Liam/Documents/GitHub/computerArchitecture/datapath/datapath.srcs/sources_1/new/input_parser.vhdl:135]
WARNING: [VRFC 10-4940] 'mux2_1bit' remains a black box since it has no binding entity [C:/Users/Liam/Documents/GitHub/computerArchitecture/datapath/datapath.srcs/sources_1/new/input_parser.vhdl:141]
WARNING: [VRFC 10-4940] 'mux2_1bit' remains a black box since it has no binding entity [C:/Users/Liam/Documents/GitHub/computerArchitecture/datapath/datapath.srcs/sources_1/new/input_parser.vhdl:147]
WARNING: [VRFC 10-4940] 'mux2_1bit' remains a black box since it has no binding entity [C:/Users/Liam/Documents/GitHub/computerArchitecture/datapath/datapath.srcs/sources_1/new/input_parser.vhdl:153]
WARNING: [VRFC 10-4940] 'mux2_1bit' remains a black box since it has no binding entity [C:/Users/Liam/Documents/GitHub/computerArchitecture/datapath/datapath.srcs/sources_1/new/input_parser.vhdl:159]
WARNING: [VRFC 10-4940] 'mux2_1bit' remains a black box since it has no binding entity [C:/Users/Liam/Documents/GitHub/computerArchitecture/datapath/datapath.srcs/sources_1/new/input_parser.vhdl:165]
WARNING: [VRFC 10-4940] 'mux2_1bit' remains a black box since it has no binding entity [C:/Users/Liam/Documents/GitHub/computerArchitecture/datapath/datapath.srcs/sources_1/new/input_parser.vhdl:171]
WARNING: [VRFC 10-4940] 'mux2_1bit' remains a black box since it has no binding entity [C:/Users/Liam/Documents/GitHub/computerArchitecture/datapath/datapath.srcs/sources_1/new/input_parser.vhdl:177]
WARNING: [VRFC 10-4940] 'mux2_1bit' remains a black box since it has no binding entity [C:/Users/Liam/Documents/GitHub/computerArchitecture/datapath/datapath.srcs/sources_1/new/input_parser.vhdl:183]
WARNING: [VRFC 10-4940] 'mux2_1bit' remains a black box since it has no binding entity [C:/Users/Liam/Documents/GitHub/computerArchitecture/datapath/datapath.srcs/sources_1/new/input_parser.vhdl:189]
WARNING: [VRFC 10-4940] 'mux2_1bit' remains a black box since it has no binding entity [C:/Users/Liam/Documents/GitHub/computerArchitecture/datapath/datapath.srcs/sources_1/new/input_parser.vhdl:195]
WARNING: [VRFC 10-4940] 'mux2_1bit' remains a black box since it has no binding entity [C:/Users/Liam/Documents/GitHub/computerArchitecture/datapath/datapath.srcs/sources_1/new/input_parser.vhdl:201]
WARNING: [VRFC 10-4940] 'mux2_1bit' remains a black box since it has no binding entity [C:/Users/Liam/Documents/GitHub/computerArchitecture/datapath/datapath.srcs/sources_1/new/input_parser.vhdl:207]
Completed static elaboration
Starting simulation data flow analysis
Completed simulation data flow analysis
Time Resolution for simulation is 1ps
Compiling package std.standard
Compiling package std.textio
Compiling package ieee.std_logic_1164
Compiling architecture behaviour of entity xil_defaultlib.reg32 [reg32_default]
Compiling architecture behavior of entity xil_defaultlib.decoder_6to32 [decoder_6to32_default]
Compiling architecture behavioral of entity xil_defaultlib.mux32_32bit [mux32_32bit_default]
Compiling architecture behavior of entity xil_defaultlib.register_file [register_file_default]
Compiling architecture behavioural of entity xil_defaultlib.mux2_32bit [mux2_32bit_default]
Compiling architecture behavioral of entity xil_defaultlib.input_selector [input_selector_default]
Compiling architecture behavioral of entity xil_defaultlib.input_parser [input_parser_default]
Compiling architecture behavioral of entity xil_defaultlib.half_adder [half_adder_default]
Compiling architecture behavioral of entity xil_defaultlib.full_adder [full_adder_default]
Compiling architecture structure_ripple of entity xil_defaultlib.ripple_adder [ripple_adder_default]
Compiling architecture behavior of entity xil_defaultlib.alu [alu_default]
Compiling architecture behavioral of entity xil_defaultlib.mux3_1 [mux3_1_default]
Compiling architecture behavioral of entity xil_defaultlib.shifter [shifter_default]
Compiling architecture behavioral of entity xil_defaultlib.functional_unit [functional_unit_default]
Compiling architecture behavioral of entity xil_defaultlib.datapath
Built simulation snapshot datapath_behav
